<?xml version="1.0" encoding="UTF-8"?>
<!-- Generated by org.testng.reporters.JUnitXMLReporter -->
<testsuite ignored="0" hostname="MM-Hmwepwint" failures="0" tests="3" name="Default test" time="94.836" errors="0" timestamp="30 Dec 2021 03:05:26 GMT">
  <testcase classname="com.demoautocicd.demoCICD.TestClass1" name="Test1" time="66.302"/>
  <testcase classname="com.demoautocicd.demoCICD.TestClass1" name="Test2" time="9.503"/>
  <testcase classname="com.demoautocicd.demoCICD.TestClass1" name="Test3" time="12.325"/>
</testsuite> <!-- Default test -->
