<?xml version="1.0" encoding="UTF-8"?>
<!-- Generated by org.testng.reporters.JUnitXMLReporter -->
<testsuite ignored="0" hostname="MM-Hmwepwint" failures="0" tests="3" name="Test" time="55.445" errors="0" timestamp="31 Dec 2021 11:46:54 GMT">
  <testcase classname="com.demoautocicd.demoCICD.TestClass1" name="Test1" time="12.713"/>
  <testcase classname="com.demoautocicd.demoCICD.TestClass1" name="Test2" time="4.551"/>
  <testcase classname="com.demoautocicd.demoCICD.TestClass1" name="Test3" time="5.167"/>
</testsuite> <!-- Test -->
