<?xml version="1.0" encoding="UTF-8"?>
<!-- Generated by org.testng.reporters.JUnitXMLReporter -->
<testsuite hostname="MM-Hmwepwint" ignored="0" name="Test" tests="3" failures="0" timestamp="27 Dec 2021 06:28:56 GMT" time="61.377" errors="0">
  <testcase name="Test1" time="6.304" classname="com.demoautocicd.demoCICD.TestClass1"/>
  <testcase name="Test2" time="7.116" classname="com.demoautocicd.demoCICD.TestClass1"/>
  <testcase name="Test3" time="40.936" classname="com.demoautocicd.demoCICD.TestClass1"/>
</testsuite> <!-- Test -->
