<?xml version="1.0" encoding="UTF-8"?>
<testng-results ignored="0" total="3" passed="3" failed="0" skipped="0">
  <reporter-output>
  </reporter-output>
  <suite started-at="2021-12-31T11:45:58Z" name="Suite" finished-at="2021-12-31T11:46:54Z" duration-ms="55445">
    <groups>
    </groups>
    <test started-at="2021-12-31T11:45:58Z" name="Test" finished-at="2021-12-31T11:46:54Z" duration-ms="55445">
      <class name="com.demoautocicd.demoCICD.TestClass1">
        <test-method is-config="true" signature="launchDriver()[pri:0, instance:com.demoautocicd.demoCICD.TestClass1@456d6c1e]" started-at="2021-12-31T11:45:58Z" name="launchDriver" finished-at="2021-12-31T11:46:08Z" duration-ms="10233" status="PASS">
          <reporter-output>
          </reporter-output>
        </test-method> <!-- launchDriver -->
        <test-method signature="Test1()[pri:0, instance:com.demoautocicd.demoCICD.TestClass1@456d6c1e]" started-at="2021-12-31T11:46:08Z" name="Test1" finished-at="2021-12-31T11:46:21Z" duration-ms="12713" status="PASS">
          <reporter-output>
          </reporter-output>
        </test-method> <!-- Test1 -->
        <test-method is-config="true" signature="quit()[pri:0, instance:com.demoautocicd.demoCICD.TestClass1@456d6c1e]" started-at="2021-12-31T11:46:21Z" name="quit" finished-at="2021-12-31T11:46:23Z" duration-ms="1705" status="PASS">
          <reporter-output>
          </reporter-output>
        </test-method> <!-- quit -->
        <test-method is-config="true" signature="launchDriver()[pri:0, instance:com.demoautocicd.demoCICD.TestClass1@456d6c1e]" started-at="2021-12-31T11:46:23Z" name="launchDriver" finished-at="2021-12-31T11:46:32Z" duration-ms="9163" status="PASS">
          <reporter-output>
          </reporter-output>
        </test-method> <!-- launchDriver -->
        <test-method signature="Test2()[pri:0, instance:com.demoautocicd.demoCICD.TestClass1@456d6c1e]" started-at="2021-12-31T11:46:32Z" name="Test2" finished-at="2021-12-31T11:46:37Z" duration-ms="4551" status="PASS">
          <reporter-output>
          </reporter-output>
        </test-method> <!-- Test2 -->
        <test-method is-config="true" signature="quit()[pri:0, instance:com.demoautocicd.demoCICD.TestClass1@456d6c1e]" started-at="2021-12-31T11:46:37Z" name="quit" finished-at="2021-12-31T11:46:38Z" duration-ms="1467" status="PASS">
          <reporter-output>
          </reporter-output>
        </test-method> <!-- quit -->
        <test-method is-config="true" signature="launchDriver()[pri:0, instance:com.demoautocicd.demoCICD.TestClass1@456d6c1e]" started-at="2021-12-31T11:46:38Z" name="launchDriver" finished-at="2021-12-31T11:46:47Z" duration-ms="8801" status="PASS">
          <reporter-output>
          </reporter-output>
        </test-method> <!-- launchDriver -->
        <test-method signature="Test3()[pri:0, instance:com.demoautocicd.demoCICD.TestClass1@456d6c1e]" started-at="2021-12-31T11:46:47Z" name="Test3" finished-at="2021-12-31T11:46:52Z" duration-ms="5167" status="PASS">
          <reporter-output>
          </reporter-output>
        </test-method> <!-- Test3 -->
        <test-method is-config="true" signature="quit()[pri:0, instance:com.demoautocicd.demoCICD.TestClass1@456d6c1e]" started-at="2021-12-31T11:46:52Z" name="quit" finished-at="2021-12-31T11:46:54Z" duration-ms="1609" status="PASS">
          <reporter-output>
          </reporter-output>
        </test-method> <!-- quit -->
      </class> <!-- com.demoautocicd.demoCICD.TestClass1 -->
    </test> <!-- Test -->
  </suite> <!-- Suite -->
</testng-results>
