<?xml version="1.0" encoding="UTF-8"?>
<testng-results skipped="0" failed="0" ignored="0" total="3" passed="3">
  <reporter-output>
  </reporter-output>
  <suite name="Suite" duration-ms="61377" started-at="2021-12-27T06:27:55Z" finished-at="2021-12-27T06:28:56Z">
    <groups>
    </groups>
    <test name="Test" duration-ms="61377" started-at="2021-12-27T06:27:55Z" finished-at="2021-12-27T06:28:56Z">
      <class name="com.demoautocicd.demoCICD.TestClass1">
        <test-method status="PASS" signature="launchDriver()[pri:0, instance:com.demoautocicd.demoCICD.TestClass1@37e547da]" name="launchDriver" is-config="true" duration-ms="1894" started-at="2021-12-27T06:27:55Z" finished-at="2021-12-27T06:27:56Z">
          <reporter-output>
          </reporter-output>
        </test-method> <!-- launchDriver -->
        <test-method status="PASS" signature="Test1()[pri:0, instance:com.demoautocicd.demoCICD.TestClass1@37e547da]" name="Test1" duration-ms="6304" started-at="2021-12-27T06:27:56Z" finished-at="2021-12-27T06:28:03Z">
          <reporter-output>
          </reporter-output>
        </test-method> <!-- Test1 -->
        <test-method status="PASS" signature="quit()[pri:0, instance:com.demoautocicd.demoCICD.TestClass1@37e547da]" name="quit" is-config="true" duration-ms="665" started-at="2021-12-27T06:28:03Z" finished-at="2021-12-27T06:28:03Z">
          <reporter-output>
          </reporter-output>
        </test-method> <!-- quit -->
        <test-method status="PASS" signature="launchDriver()[pri:0, instance:com.demoautocicd.demoCICD.TestClass1@37e547da]" name="launchDriver" is-config="true" duration-ms="1726" started-at="2021-12-27T06:28:03Z" finished-at="2021-12-27T06:28:05Z">
          <reporter-output>
          </reporter-output>
        </test-method> <!-- launchDriver -->
        <test-method status="PASS" signature="Test2()[pri:0, instance:com.demoautocicd.demoCICD.TestClass1@37e547da]" name="Test2" duration-ms="7116" started-at="2021-12-27T06:28:05Z" finished-at="2021-12-27T06:28:12Z">
          <reporter-output>
          </reporter-output>
        </test-method> <!-- Test2 -->
        <test-method status="PASS" signature="quit()[pri:0, instance:com.demoautocicd.demoCICD.TestClass1@37e547da]" name="quit" is-config="true" duration-ms="682" started-at="2021-12-27T06:28:12Z" finished-at="2021-12-27T06:28:13Z">
          <reporter-output>
          </reporter-output>
        </test-method> <!-- quit -->
        <test-method status="PASS" signature="launchDriver()[pri:0, instance:com.demoautocicd.demoCICD.TestClass1@37e547da]" name="launchDriver" is-config="true" duration-ms="1390" started-at="2021-12-27T06:28:13Z" finished-at="2021-12-27T06:28:14Z">
          <reporter-output>
          </reporter-output>
        </test-method> <!-- launchDriver -->
        <test-method status="PASS" signature="Test3()[pri:0, instance:com.demoautocicd.demoCICD.TestClass1@37e547da]" name="Test3" duration-ms="40936" started-at="2021-12-27T06:28:14Z" finished-at="2021-12-27T06:28:55Z">
          <reporter-output>
          </reporter-output>
        </test-method> <!-- Test3 -->
        <test-method status="PASS" signature="quit()[pri:0, instance:com.demoautocicd.demoCICD.TestClass1@37e547da]" name="quit" is-config="true" duration-ms="648" started-at="2021-12-27T06:28:55Z" finished-at="2021-12-27T06:28:56Z">
          <reporter-output>
          </reporter-output>
        </test-method> <!-- quit -->
      </class> <!-- com.demoautocicd.demoCICD.TestClass1 -->
    </test> <!-- Test -->
  </suite> <!-- Suite -->
</testng-results>
