<?xml version="1.0" encoding="UTF-8"?>
<testng-results ignored="0" total="3" passed="3" failed="0" skipped="0">
  <reporter-output>
  </reporter-output>
  <suite started-at="2021-12-30T03:03:51Z" name="Default suite" finished-at="2021-12-30T03:05:26Z" duration-ms="94836">
    <groups>
    </groups>
    <test started-at="2021-12-30T03:03:51Z" name="Default test" finished-at="2021-12-30T03:05:26Z" duration-ms="94836">
      <class name="com.demoautocicd.demoCICD.TestClass1">
        <test-method is-config="true" signature="launchDriver()[pri:0, instance:com.demoautocicd.demoCICD.TestClass1@385e9564]" started-at="2021-12-30T03:03:51Z" name="launchDriver" finished-at="2021-12-30T03:03:53Z" duration-ms="2148" status="PASS">
          <reporter-output>
          </reporter-output>
        </test-method> <!-- launchDriver -->
        <test-method signature="Test1()[pri:0, instance:com.demoautocicd.demoCICD.TestClass1@385e9564]" started-at="2021-12-30T03:03:53Z" name="Test1" finished-at="2021-12-30T03:05:00Z" duration-ms="66302" status="PASS">
          <reporter-output>
          </reporter-output>
        </test-method> <!-- Test1 -->
        <test-method is-config="true" signature="quit()[pri:0, instance:com.demoautocicd.demoCICD.TestClass1@385e9564]" started-at="2021-12-30T03:05:00Z" name="quit" finished-at="2021-12-30T03:05:00Z" duration-ms="98" status="PASS">
          <reporter-output>
          </reporter-output>
        </test-method> <!-- quit -->
        <test-method is-config="true" signature="launchDriver()[pri:0, instance:com.demoautocicd.demoCICD.TestClass1@385e9564]" started-at="2021-12-30T03:05:00Z" name="launchDriver" finished-at="2021-12-30T03:05:02Z" duration-ms="2068" status="PASS">
          <reporter-output>
          </reporter-output>
        </test-method> <!-- launchDriver -->
        <test-method signature="Test2()[pri:0, instance:com.demoautocicd.demoCICD.TestClass1@385e9564]" started-at="2021-12-30T03:05:02Z" name="Test2" finished-at="2021-12-30T03:05:11Z" duration-ms="9503" status="PASS">
          <reporter-output>
          </reporter-output>
        </test-method> <!-- Test2 -->
        <test-method is-config="true" signature="quit()[pri:0, instance:com.demoautocicd.demoCICD.TestClass1@385e9564]" started-at="2021-12-30T03:05:11Z" name="quit" finished-at="2021-12-30T03:05:11Z" duration-ms="90" status="PASS">
          <reporter-output>
          </reporter-output>
        </test-method> <!-- quit -->
        <test-method is-config="true" signature="launchDriver()[pri:0, instance:com.demoautocicd.demoCICD.TestClass1@385e9564]" started-at="2021-12-30T03:05:11Z" name="launchDriver" finished-at="2021-12-30T03:05:14Z" duration-ms="2199" status="PASS">
          <reporter-output>
          </reporter-output>
        </test-method> <!-- launchDriver -->
        <test-method signature="Test3()[pri:0, instance:com.demoautocicd.demoCICD.TestClass1@385e9564]" started-at="2021-12-30T03:05:14Z" name="Test3" finished-at="2021-12-30T03:05:26Z" duration-ms="12325" status="PASS">
          <reporter-output>
          </reporter-output>
        </test-method> <!-- Test3 -->
        <test-method is-config="true" signature="quit()[pri:0, instance:com.demoautocicd.demoCICD.TestClass1@385e9564]" started-at="2021-12-30T03:05:26Z" name="quit" finished-at="2021-12-30T03:05:26Z" duration-ms="81" status="PASS">
          <reporter-output>
          </reporter-output>
        </test-method> <!-- quit -->
      </class> <!-- com.demoautocicd.demoCICD.TestClass1 -->
    </test> <!-- Default test -->
  </suite> <!-- Default suite -->
</testng-results>
