<?xml version="1.0" encoding="UTF-8"?>
<testng-results skipped="0" failed="0" ignored="0" total="3" passed="3">
  <reporter-output>
  </reporter-output>
  <suite name="Suite" duration-ms="83652" started-at="2021-12-27T06:25:03Z" finished-at="2021-12-27T06:26:26Z">
    <groups>
    </groups>
    <test name="Test" duration-ms="83652" started-at="2021-12-27T06:25:03Z" finished-at="2021-12-27T06:26:26Z">
      <class name="com.demoautocicd.demoCICD.TestClass1">
        <test-method status="PASS" signature="launchDriver()[pri:0, instance:com.demoautocicd.demoCICD.TestClass1@1ed1993a]" name="launchDriver" is-config="true" duration-ms="2825" started-at="2021-12-27T06:25:03Z" finished-at="2021-12-27T06:25:06Z">
          <reporter-output>
          </reporter-output>
        </test-method> <!-- launchDriver -->
        <test-method status="PASS" signature="Test1()[pri:0, instance:com.demoautocicd.demoCICD.TestClass1@1ed1993a]" name="Test1" duration-ms="42193" started-at="2021-12-27T06:25:06Z" finished-at="2021-12-27T06:25:48Z">
          <reporter-output>
          </reporter-output>
        </test-method> <!-- Test1 -->
        <test-method status="PASS" signature="quit()[pri:0, instance:com.demoautocicd.demoCICD.TestClass1@1ed1993a]" name="quit" is-config="true" duration-ms="757" started-at="2021-12-27T06:25:48Z" finished-at="2021-12-27T06:25:49Z">
          <reporter-output>
          </reporter-output>
        </test-method> <!-- quit -->
        <test-method status="PASS" signature="launchDriver()[pri:0, instance:com.demoautocicd.demoCICD.TestClass1@1ed1993a]" name="launchDriver" is-config="true" duration-ms="1966" started-at="2021-12-27T06:25:49Z" finished-at="2021-12-27T06:25:50Z">
          <reporter-output>
          </reporter-output>
        </test-method> <!-- launchDriver -->
        <test-method status="PASS" signature="Test2()[pri:0, instance:com.demoautocicd.demoCICD.TestClass1@1ed1993a]" name="Test2" duration-ms="9407" started-at="2021-12-27T06:25:50Z" finished-at="2021-12-27T06:26:00Z">
          <reporter-output>
          </reporter-output>
        </test-method> <!-- Test2 -->
        <test-method status="PASS" signature="quit()[pri:0, instance:com.demoautocicd.demoCICD.TestClass1@1ed1993a]" name="quit" is-config="true" duration-ms="687" started-at="2021-12-27T06:26:00Z" finished-at="2021-12-27T06:26:01Z">
          <reporter-output>
          </reporter-output>
        </test-method> <!-- quit -->
        <test-method status="PASS" signature="launchDriver()[pri:0, instance:com.demoautocicd.demoCICD.TestClass1@1ed1993a]" name="launchDriver" is-config="true" duration-ms="1413" started-at="2021-12-27T06:26:01Z" finished-at="2021-12-27T06:26:02Z">
          <reporter-output>
          </reporter-output>
        </test-method> <!-- launchDriver -->
        <test-method status="PASS" signature="Test3()[pri:0, instance:com.demoautocicd.demoCICD.TestClass1@1ed1993a]" name="Test3" duration-ms="23722" started-at="2021-12-27T06:26:02Z" finished-at="2021-12-27T06:26:26Z">
          <reporter-output>
          </reporter-output>
        </test-method> <!-- Test3 -->
        <test-method status="PASS" signature="quit()[pri:0, instance:com.demoautocicd.demoCICD.TestClass1@1ed1993a]" name="quit" is-config="true" duration-ms="660" started-at="2021-12-27T06:26:26Z" finished-at="2021-12-27T06:26:26Z">
          <reporter-output>
          </reporter-output>
        </test-method> <!-- quit -->
      </class> <!-- com.demoautocicd.demoCICD.TestClass1 -->
    </test> <!-- Test -->
  </suite> <!-- Suite -->
</testng-results>
